Looking in indexes: https://pypi.org/simple, https://www.piwheels.org/simple
Collecting glances[all]
  Using cached https://www.piwheels.org/simple/glances/Glances-3.1.4.1-py3-none-any.whl (1.5 MB)
Collecting future
  Using cached https://www.piwheels.org/simple/future/future-0.18.2-py3-none-any.whl (491 kB)
Collecting psutil>=5.3.0
  Using cached https://www.piwheels.org/simple/psutil/psutil-5.7.0-cp37-cp37m-linux_armv7l.whl (281 kB)
Collecting netifaces; extra == "all"
  Using cached https://www.piwheels.org/simple/netifaces/netifaces-0.10.9-cp37-cp37m-linux_armv7l.whl (38 kB)
Collecting pySMART.smartx; extra == "all"
  Using cached pySMART.smartx-0.3.10-py2.py3-none-any.whl (20 kB)
Collecting sparklines; extra == "all"
  Using cached https://www.piwheels.org/simple/sparklines/sparklines-0.4.2-py3-none-any.whl (212 kB)
Collecting pymdstat; extra == "all"
  Using cached https://www.piwheels.org/simple/pymdstat/pymdstat-0.4.2-py3-none-any.whl (8.6 kB)
Collecting wifi; extra == "all"
  Using cached https://www.piwheels.org/simple/wifi/wifi-0.3.8-py3-none-any.whl (13 kB)
Collecting py-cpuinfo; extra == "all"
  Using cached https://www.piwheels.org/simple/py-cpuinfo/py_cpuinfo-5.0.0-py3-none-any.whl (18 kB)
Collecting zeroconf>=0.19.1; extra == "all"
  Using cached zeroconf-0.25.1-py3-none-any.whl (66 kB)
Collecting docker>=2.0.0; extra == "all"
  Using cached docker-4.2.0-py2.py3-none-any.whl (143 kB)
Collecting pysnmp; extra == "all"
  Using cached pysnmp-4.4.12-py2.py3-none-any.whl (296 kB)
Collecting py3nvml; extra == "all"
  Using cached py3nvml-0.2.6-py3-none-any.whl (55 kB)
Collecting bottle; extra == "all"
  Using cached bottle-0.12.18-py3-none-any.whl (89 kB)
